Thu Dec 26 11:15:35 IST 2019
Installation of packages is started.
Installation of packages is Done.

 Thu, 26 Dec 2019 05:54:34  Online setup is started.E: Package 'google-chrome-stable' has no installation candidate
[1mdpkg:[0m dependency problems prevent configuration of teamviewer:i386:
 teamviewer:i386 depends on libc6 (>= 2.11).
 teamviewer:i386 depends on libgcc1.
 teamviewer:i386 depends on libasound2.
 teamviewer:i386 depends on libdbus-1-3.
 teamviewer:i386 depends on libexpat1.
 teamviewer:i386 depends on libfontconfig1.
 teamviewer:i386 depends on libfreetype6.
 teamviewer:i386 depends on libjpeg62.
 teamviewer:i386 depends on libsm6.
 teamviewer:i386 depends on libxdamage1.
 teamviewer:i386 depends on libxext6.
 teamviewer:i386 depends on libxfixes3.
 teamviewer:i386 depends on libxinerama1.
 teamviewer:i386 depends on libxrandr2.
 teamviewer:i386 depends on libxrender1.
 teamviewer:i386 depends on libxtst6.
 teamviewer:i386 depends on zlib1g.

[1mdpkg:[0m error processing package teamviewer:i386 (--install):
 dependency problems - leaving unconfigured
Errors were encountered while processing:
 teamviewer:i386
The directory '/home/kolibri/.cache/pip/http' or its parent directory is not owned by the current user and the cache has been disabled. Please check the permissions and owner of that directory. If executing pip with sudo, you may want sudo's -H flag.
The directory '/home/kolibri/.cache/pip' or its parent directory is not owned by the current user and caching wheels has been disabled. check the permissions and owner of that directory. If executing pip with sudo, you may want sudo's -H flag.

 Thu, 26 Dec 2019 05:59:54  Online setup is started.E: Could not get lock /var/lib/dpkg/lock-frontend - open (11: Resource temporarily unavailable)
E: Unable to acquire the dpkg frontend lock (/var/lib/dpkg/lock-frontend), is another process using it?
[1mdpkg:[0m [1;31merror:[0m dpkg frontend is locked by another process
E: Could not get lock /var/lib/dpkg/lock-frontend - open (11: Resource temporarily unavailable)
E: Unable to acquire the dpkg frontend lock (/var/lib/dpkg/lock-frontend), is another process using it?
E: Could not get lock /var/lib/dpkg/lock-frontend - open (11: Resource temporarily unavailable)
E: Unable to acquire the dpkg frontend lock (/var/lib/dpkg/lock-frontend), is another process using it?
The directory '/home/kolibri/.cache/pip/http' or its parent directory is not owned by the current user and the cache has been disabled. Please check the permissions and owner of that directory. If executing pip with sudo, you may want sudo's -H flag.
The directory '/home/kolibri/.cache/pip' or its parent directory is not owned by the current user and caching wheels has been disabled. check the permissions and owner of that directory. If executing pip with sudo, you may want sudo's -H flag.
E: Could not get lock /var/lib/dpkg/lock-frontend - open (11: Resource temporarily unavailable)
E: Unable to acquire the dpkg frontend lock (/var/lib/dpkg/lock-frontend), is another process using it?
E: Could not get lock /var/lib/dpkg/lock-frontend - open (11: Resource temporarily unavailable)
E: Unable to acquire the dpkg frontend lock (/var/lib/dpkg/lock-frontend), is another process using it?
Online setup Done

 Thu, 26 Dec 2019 06:07:07  Online setup is started.E: dpkg was interrupted, you must manually run 'sudo dpkg --configure -a' to correct the problem. 
W: APT had planned for dpkg to do more than it reported back (0 vs 4).
   Affected packages: kolibri:amd64
The directory '/home/kolibri/.cache/pip/http' or its parent directory is not owned by the current user and the cache has been disabled. Please check the permissions and owner of that directory. If executing pip with sudo, you may want sudo's -H flag.
The directory '/home/kolibri/.cache/pip' or its parent directory is not owned by the current user and caching wheels has been disabled. check the permissions and owner of that directory. If executing pip with sudo, you may want sudo's -H flag.
cp: cannot create regular file '/home/kolibri/Desktop/platform.sh': Operation not permitted
chmod: changing permissions of '/home/kolibri/Desktop/platform.sh': Operation not permitted
cp: cannot create regular file '/home/kolibri/Desktop/script_sync.sh': Operation not permitted
chmod: changing permissions of '/home/kolibri/Desktop/script_sync.sh': Operation not permitted
Online setup Done

 Thu, 26 Dec 2019 06:48:38  Online setup is started.The directory '/home/kolibri/.cache/pip/http' or its parent directory is not owned by the current user and the cache has been disabled. Please check the permissions and owner of that directory. If executing pip with sudo, you may want sudo's -H flag.
The directory '/home/kolibri/.cache/pip' or its parent directory is not owned by the current user and caching wheels has been disabled. check the permissions and owner of that directory. If executing pip with sudo, you may want sudo's -H flag.
cp: cannot create regular file '/home/kolibri/Desktop/platform.sh': Operation not permitted
chmod: changing permissions of '/home/kolibri/Desktop/platform.sh': Operation not permitted
cp: cannot create regular file '/home/kolibri/Desktop/script_sync.sh': Operation not permitted
chmod: changing permissions of '/home/kolibri/Desktop/script_sync.sh': Operation not permitted
Online setup Done

 Thu, 26 Dec 2019 06:53:30  Hotspot setup is started.E: Unable to locate package kolibri-hotspot
Hotspot setup done 

 Thu, 26 Dec 2019 06:55:35  Hotspot setup is started.
 Thu, 26 Dec 2019 06:57:41  Hotspot setup is started.Hotspot setup done 

 Thu, 26 Dec 2019 06:59:19  Hotspot setup is started.Hotspot setup done 

 Thu, 26 Dec 2019 07:13:54  Hotspot setup is started.
 Thu, 26 Dec 2019 07:14:16  Hotspot setup is started.Hotspot setup done 

 Thu, 26 Dec 2019 08:18:39  Hotspot setup is started.Hotspot setup done 
Warning: The unit file, source configuration file or drop-ins of kolibri.service changed on disk. Run 'systemctl daemon-reload' to reload units.
Synchronizing state of kolibri.service with SysV service script with /lib/systemd/systemd-sysv-install.
Executing: /lib/systemd/systemd-sysv-install enable kolibri

 Mon, 30 Dec 2019 06:54:47  Online setup is started.The directory '/home/kolibri/.cache/pip/http' or its parent directory is not owned by the current user and the cache has been disabled. Please check the permissions and owner of that directory. If executing pip with sudo, you may want sudo's -H flag.
The directory '/home/kolibri/.cache/pip' or its parent directory is not owned by the current user and caching wheels has been disabled. check the permissions and owner of that directory. If executing pip with sudo, you may want sudo's -H flag.
cp: cannot create regular file '/home/kolibri/Desktop/platform.sh': Operation not permitted
chmod: changing permissions of '/home/kolibri/Desktop/platform.sh': Operation not permitted
cp: cannot create regular file '/home/kolibri/Desktop/script_sync.sh': Operation not permitted
chmod: changing permissions of '/home/kolibri/Desktop/script_sync.sh': Operation not permitted
Online setup Done

 Mon, 30 Dec 2019 06:58:47  Hotspot setup is started.
 Mon, 30 Dec 2019 06:59:55  Hotspot setup is started.
 Mon, 30 Dec 2019 07:00:19  Hotspot setup is started.
 Mon, 30 Dec 2019 07:00:53  Hotspot setup is started.Hotspot setup done 

 Mon, 30 Dec 2019 07:03:07  Hotspot setup is started.
 Mon, 30 Dec 2019 07:03:45  Hotspot setup is started.Hotspot setup done 

 Mon, 30 Dec 2019 07:19:06  Hotspot setup is started.Removed /etc/systemd/system/dbus-org.freedesktop.resolve1.service.
Removed /etc/systemd/system/multi-user.target.wants/systemd-resolved.service.
Created symlink /etc/systemd/system/systemd-resolved.service → /dev/null.
Removed /etc/systemd/system/systemd-resolved.service.
Created symlink /etc/systemd/system/dbus-org.freedesktop.resolve1.service → /lib/systemd/system/systemd-resolved.service.
Created symlink /etc/systemd/system/multi-user.target.wants/systemd-resolved.service → /lib/systemd/system/systemd-resolved.service.
Hotspot setup done 
Mon Dec 30 13:08:52 IST 2019
Installation of packages is started.
Installation of packages is Done.

 Mon, 30 Dec 2019 07:43:58  Online setup is started.E: Package 'google-chrome-stable' has no installation candidate
[1mdpkg:[0m dependency problems prevent configuration of teamviewer:i386:
 teamviewer:i386 depends on libc6 (>= 2.11).
 teamviewer:i386 depends on libgcc1.
 teamviewer:i386 depends on libasound2.
 teamviewer:i386 depends on libdbus-1-3.
 teamviewer:i386 depends on libexpat1.
 teamviewer:i386 depends on libfontconfig1.
 teamviewer:i386 depends on libfreetype6.
 teamviewer:i386 depends on libjpeg62.
 teamviewer:i386 depends on libsm6.
 teamviewer:i386 depends on libxdamage1.
 teamviewer:i386 depends on libxext6.
 teamviewer:i386 depends on libxfixes3.
 teamviewer:i386 depends on libxinerama1.
 teamviewer:i386 depends on libxrandr2.
 teamviewer:i386 depends on libxrender1.
 teamviewer:i386 depends on libxtst6.
 teamviewer:i386 depends on zlib1g.

[1mdpkg:[0m error processing package teamviewer:i386 (--install):
 dependency problems - leaving unconfigured
Errors were encountered while processing:
 teamviewer:i386
The directory '/home/kolibri/.cache/pip/http' or its parent directory is not owned by the current user and the cache has been disabled. Please check the permissions and owner of that directory. If executing pip with sudo, you may want sudo's -H flag.
The directory '/home/kolibri/.cache/pip' or its parent directory is not owned by the current user and caching wheels has been disabled. check the permissions and owner of that directory. If executing pip with sudo, you may want sudo's -H flag.
E: Unable to locate package kolibri
Synchronizing state of kolibri.service with SysV service script with /lib/systemd/systemd-sysv-install.
Executing: /lib/systemd/systemd-sysv-install enable kolibri
Online setup Done

 Mon, 30 Dec 2019 08:33:08  Online setup is started.The directory '/home/kolibri/.cache/pip/http' or its parent directory is not owned by the current user and the cache has been disabled. Please check the permissions and owner of that directory. If executing pip with sudo, you may want sudo's -H flag.
The directory '/home/kolibri/.cache/pip' or its parent directory is not owned by the current user and caching wheels has been disabled. check the permissions and owner of that directory. If executing pip with sudo, you may want sudo's -H flag.
Warning: The unit file, source configuration file or drop-ins of kolibri.service changed on disk. Run 'systemctl daemon-reload' to reload units.
Synchronizing state of kolibri.service with SysV service script with /lib/systemd/systemd-sysv-install.
Executing: /lib/systemd/systemd-sysv-install enable kolibri
cp: cannot create regular file '/home/kolibri/Desktop/platform.sh': Operation not permitted
chmod: changing permissions of '/home/kolibri/Desktop/platform.sh': Operation not permitted
cp: cannot create regular file '/home/kolibri/Desktop/script_sync.sh': Operation not permitted
chmod: changing permissions of '/home/kolibri/Desktop/script_sync.sh': Operation not permitted
Online setup Done

 Mon, 30 Dec 2019 09:17:47  Hotspot setup is started.Removed /etc/systemd/system/multi-user.target.wants/systemd-resolved.service.
Removed /etc/systemd/system/dbus-org.freedesktop.resolve1.service.
Created symlink /etc/systemd/system/systemd-resolved.service → /dev/null.
W: Failed to fetch http://in.archive.ubuntu.com/ubuntu/dists/bionic/InRelease  Could not resolve 'in.archive.ubuntu.com'
W: Failed to fetch http://in.archive.ubuntu.com/ubuntu/dists/bionic-updates/InRelease  Could not resolve 'in.archive.ubuntu.com'
W: Failed to fetch http://in.archive.ubuntu.com/ubuntu/dists/bionic-backports/InRelease  Could not resolve 'in.archive.ubuntu.com'
W: Failed to fetch http://security.ubuntu.com/ubuntu/dists/bionic-security/InRelease  Could not resolve 'security.ubuntu.com'
W: Failed to fetch http://dl.google.com/linux/chrome/deb/dists/stable/InRelease  Could not resolve 'dl.google.com'
W: Failed to fetch http://ppa.launchpad.net/nginx/stable/ubuntu/dists/bionic/InRelease  Could not resolve 'ppa.launchpad.net'
W: Some index files failed to download. They have been ignored, or old ones used instead.
E: Failed to fetch http://in.archive.ubuntu.com/ubuntu/pool/main/libs/libsigsegv/libsigsegv2_2.12-1_amd64.deb  Could not resolve 'in.archive.ubuntu.com'
E: Failed to fetch http://in.archive.ubuntu.com/ubuntu/pool/main/m/m4/m4_1.4.18-1_amd64.deb  Could not resolve 'in.archive.ubuntu.com'
E: Failed to fetch http://in.archive.ubuntu.com/ubuntu/pool/main/a/autoconf/autoconf_2.69-11_all.deb  Could not resolve 'in.archive.ubuntu.com'
E: Failed to fetch http://in.archive.ubuntu.com/ubuntu/pool/main/a/autotools-dev/autotools-dev_20180224.1_all.deb  Could not resolve 'in.archive.ubuntu.com'
E: Failed to fetch http://in.archive.ubuntu.com/ubuntu/pool/main/a/automake-1.15/automake_1.15.1-3ubuntu2_all.deb  Could not resolve 'in.archive.ubuntu.com'
E: Failed to fetch http://security.ubuntu.com/ubuntu/pool/main/g/gettext/autopoint_0.19.8.1-6ubuntu0.3_all.deb  Could not resolve 'in.archive.ubuntu.com'
E: Failed to fetch http://in.archive.ubuntu.com/ubuntu/pool/main/libt/libtool/libtool_2.4.6-2_all.deb  Could not resolve 'in.archive.ubuntu.com'
E: Failed to fetch http://in.archive.ubuntu.com/ubuntu/pool/main/d/dh-autoreconf/dh-autoreconf_17_all.deb  Could not resolve 'in.archive.ubuntu.com'
E: Failed to fetch http://in.archive.ubuntu.com/ubuntu/pool/main/s/strip-nondeterminism/libfile-stripnondeterminism-perl_0.040-1.1~build1_all.deb  Could not resolve 'in.archive.ubuntu.com'
E: Failed to fetch http://in.archive.ubuntu.com/ubuntu/pool/main/s/strip-nondeterminism/dh-strip-nondeterminism_0.040-1.1~build1_all.deb  Could not resolve 'in.archive.ubuntu.com'
E: Failed to fetch http://in.archive.ubuntu.com/ubuntu/pool/main/p/po-debconf/po-debconf_1.0.20_all.deb  Could not resolve 'in.archive.ubuntu.com'
E: Failed to fetch http://in.archive.ubuntu.com/ubuntu/pool/main/d/debhelper/debhelper_11.1.6ubuntu2_all.deb  Could not resolve 'in.archive.ubuntu.com'
E: Failed to fetch http://in.archive.ubuntu.com/ubuntu/pool/universe/i/intltool/intltool_0.51.0-5ubuntu1_all.deb  Could not resolve 'in.archive.ubuntu.com'
E: Failed to fetch http://in.archive.ubuntu.com/ubuntu/pool/universe/libo/libonig/libonig4_6.7.0-1_amd64.deb  Could not resolve 'in.archive.ubuntu.com'
E: Failed to fetch http://in.archive.ubuntu.com/ubuntu/pool/universe/j/jq/libjq1_1.5+dfsg-2_amd64.deb  Could not resolve 'in.archive.ubuntu.com'
E: Failed to fetch http://in.archive.ubuntu.com/ubuntu/pool/universe/j/jq/jq_1.5+dfsg-2_amd64.deb  Could not resolve 'in.archive.ubuntu.com'
E: Failed to fetch http://in.archive.ubuntu.com/ubuntu/pool/main/libf/libfile-which-perl/libfile-which-perl_1.21-1_all.deb  Could not resolve 'in.archive.ubuntu.com'
E: Failed to fetch http://in.archive.ubuntu.com/ubuntu/pool/universe/p/pkgbinarymangler/dh-translations_138.18.04.1_all.deb  Could not resolve 'in.archive.ubuntu.com'
E: Failed to fetch http://in.archive.ubuntu.com/ubuntu/pool/universe/s/scour/python3-scour_0.36-2_all.deb  Could not resolve 'in.archive.ubuntu.com'
E: Failed to fetch http://in.archive.ubuntu.com/ubuntu/pool/universe/s/scour/scour_0.36-2_all.deb  Could not resolve 'in.archive.ubuntu.com'
E: Failed to fetch http://in.archive.ubuntu.com/ubuntu/pool/universe/c/cdbs/cdbs_0.4.156ubuntu4_all.deb  Could not resolve 'in.archive.ubuntu.com'
E: Failed to fetch http://in.archive.ubuntu.com/ubuntu/pool/main/liba/libarchive-cpio-perl/libarchive-cpio-perl_0.10-1_all.deb  Could not resolve 'in.archive.ubuntu.com'
E: Failed to fetch http://in.archive.ubuntu.com/ubuntu/pool/main/libt/libtool/libltdl-dev_2.4.6-2_amd64.deb  Could not resolve 'in.archive.ubuntu.com'
E: Failed to fetch http://in.archive.ubuntu.com/ubuntu/pool/main/libs/libsys-hostname-long-perl/libsys-hostname-long-perl_1.5-1_all.deb  Could not resolve 'in.archive.ubuntu.com'
E: Failed to fetch http://in.archive.ubuntu.com/ubuntu/pool/main/libm/libmail-sendmail-perl/libmail-sendmail-perl_0.80-1_all.deb  Could not resolve 'in.archive.ubuntu.com'
E: Failed to fetch http://in.archive.ubuntu.com/ubuntu/pool/main/p/pcre3/libpcre16-3_8.39-9_amd64.deb  Could not resolve 'in.archive.ubuntu.com'
E: Failed to fetch http://in.archive.ubuntu.com/ubuntu/pool/main/p/pcre3/libpcre32-3_8.39-9_amd64.deb  Could not resolve 'in.archive.ubuntu.com'
E: Failed to fetch http://in.archive.ubuntu.com/ubuntu/pool/main/p/pcre3/libpcrecpp0v5_8.39-9_amd64.deb  Could not resolve 'in.archive.ubuntu.com'
E: Failed to fetch http://in.archive.ubuntu.com/ubuntu/pool/main/p/pcre3/libpcre3-dev_8.39-9_amd64.deb  Could not resolve 'in.archive.ubuntu.com'
E: Failed to fetch http://in.archive.ubuntu.com/ubuntu/pool/main/p/pkg-config/pkg-config_0.29.1-0ubuntu2_amd64.deb  Could not resolve 'in.archive.ubuntu.com'
E: Failed to fetch http://in.archive.ubuntu.com/ubuntu/pool/universe/libe/libev/libev4_4.22-1_amd64.deb  Could not resolve 'in.archive.ubuntu.com'
E: Failed to fetch http://in.archive.ubuntu.com/ubuntu/pool/universe/libe/libev/libev-dev_4.22-1_amd64.deb  Could not resolve 'in.archive.ubuntu.com'
E: Unable to fetch some archives, maybe run apt-get update or try with --fix-missing?
E: Unable to locate package kolibri-hotspot
E: Failed to fetch http://in.archive.ubuntu.com/ubuntu/pool/universe/d/dnsmasq/dnsmasq_2.79-1_all.deb  Could not resolve 'in.archive.ubuntu.com'
E: Failed to fetch http://in.archive.ubuntu.com/ubuntu/pool/main/libe/liberror-perl/liberror-perl_0.17025-1_all.deb  Could not resolve 'in.archive.ubuntu.com'
E: Failed to fetch http://security.ubuntu.com/ubuntu/pool/main/g/git/git-man_2.17.1-1ubuntu0.5_all.deb  Could not resolve 'in.archive.ubuntu.com'
E: Failed to fetch http://security.ubuntu.com/ubuntu/pool/main/g/git/git_2.17.1-1ubuntu0.5_amd64.deb  Could not resolve 'in.archive.ubuntu.com'
E: Unable to fetch some archives, maybe run apt-get update or try with --fix-missing?

 Mon, 30 Dec 2019 09:19:26  Hotspot setup is started.Unit /etc/systemd/system/systemd-resolved.service is masked, ignoring.

Usage:
 kill [options] <pid> [...]

Options:
 <pid> [...]            send signal to every <pid> listed
 -<signal>, -s, --signal <signal>
                        specify the <signal> to be sent
 -l, --list=[<signal>]  list all signal names, or convert one to a name
 -L, --table            list all signal names in a nice table

 -h, --help     display this help and exit
 -V, --version  output version information and exit

For more details see kill(1).
E: Unable to locate package kolibri-hotspot
Removed /etc/systemd/system/systemd-resolved.service.
Created symlink /etc/systemd/system/dbus-org.freedesktop.resolve1.service → /lib/systemd/system/systemd-resolved.service.
Created symlink /etc/systemd/system/multi-user.target.wants/systemd-resolved.service → /lib/systemd/system/systemd-resolved.service.
Hotspot setup done 

 Mon, 30 Dec 2019 09:21:50  Hotspot setup is started.Removed /etc/systemd/system/multi-user.target.wants/systemd-resolved.service.
Removed /etc/systemd/system/dbus-org.freedesktop.resolve1.service.
Created symlink /etc/systemd/system/systemd-resolved.service → /dev/null.

Usage:
 kill [options] <pid> [...]

Options:
 <pid> [...]            send signal to every <pid> listed
 -<signal>, -s, --signal <signal>
                        specify the <signal> to be sent
 -l, --list=[<signal>]  list all signal names, or convert one to a name
 -L, --table            list all signal names in a nice table

 -h, --help     display this help and exit
 -V, --version  output version information and exit

For more details see kill(1).
Removed /etc/systemd/system/systemd-resolved.service.
Created symlink /etc/systemd/system/dbus-org.freedesktop.resolve1.service → /lib/systemd/system/systemd-resolved.service.
Created symlink /etc/systemd/system/multi-user.target.wants/systemd-resolved.service → /lib/systemd/system/systemd-resolved.service.
Hotspot setup done 

 Mon, 30 Dec 2019 09:26:27  Hotspot setup is started.
 Mon, 30 Dec 2019 09:27:21  Hotspot setup is started.
 Mon, 30 Dec 2019 09:27:25  Hotspot setup is started.
 Mon, 30 Dec 2019 09:27:48  Hotspot setup is started.Removed /etc/systemd/system/multi-user.target.wants/systemd-resolved.service.
Removed /etc/systemd/system/dbus-org.freedesktop.resolve1.service.
Created symlink /etc/systemd/system/systemd-resolved.service → /dev/null.
Hotspot setup done 

 Mon, 30 Dec 2019 09:32:53  Hotspot setup is started.Removed /etc/systemd/system/multi-user.target.wants/systemd-resolved.service.
Removed /etc/systemd/system/dbus-org.freedesktop.resolve1.service.
Created symlink /etc/systemd/system/systemd-resolved.service → /dev/null.
Removed /etc/systemd/system/systemd-resolved.service.
Created symlink /etc/systemd/system/dbus-org.freedesktop.resolve1.service → /lib/systemd/system/systemd-resolved.service.
Created symlink /etc/systemd/system/multi-user.target.wants/systemd-resolved.service → /lib/systemd/system/systemd-resolved.service.
Hotspot setup done 

 Mon, 30 Dec 2019 09:35:17  Hotspot setup is started.
 Mon, 30 Dec 2019 09:35:35  Hotspot setup is started.
 Mon, 30 Dec 2019 09:39:53  Hotspot setup is started.Unit /etc/systemd/system/systemd-resolved.service is masked, ignoring.

Usage:
 kill [options] <pid> [...]

Options:
 <pid> [...]            send signal to every <pid> listed
 -<signal>, -s, --signal <signal>
                        specify the <signal> to be sent
 -l, --list=[<signal>]  list all signal names, or convert one to a name
 -L, --table            list all signal names in a nice table

 -h, --help     display this help and exit
 -V, --version  output version information and exit

For more details see kill(1).
Removed /etc/systemd/system/systemd-resolved.service.
Created symlink /etc/systemd/system/dbus-org.freedesktop.resolve1.service → /lib/systemd/system/systemd-resolved.service.
Created symlink /etc/systemd/system/multi-user.target.wants/systemd-resolved.service → /lib/systemd/system/systemd-resolved.service.
Hotspot setup done 

 Mon, 30 Dec 2019 09:44:01  Hotspot setup is started.Removed /etc/systemd/system/multi-user.target.wants/systemd-resolved.service.
Removed /etc/systemd/system/dbus-org.freedesktop.resolve1.service.
Created symlink /etc/systemd/system/systemd-resolved.service → /dev/null.

Usage:
 kill [options] <pid> [...]

Options:
 <pid> [...]            send signal to every <pid> listed
 -<signal>, -s, --signal <signal>
                        specify the <signal> to be sent
 -l, --list=[<signal>]  list all signal names, or convert one to a name
 -L, --table            list all signal names in a nice table

 -h, --help     display this help and exit
 -V, --version  output version information and exit

For more details see kill(1).
Removed /etc/systemd/system/systemd-resolved.service.
Created symlink /etc/systemd/system/dbus-org.freedesktop.resolve1.service → /lib/systemd/system/systemd-resolved.service.
Created symlink /etc/systemd/system/multi-user.target.wants/systemd-resolved.service → /lib/systemd/system/systemd-resolved.service.
Hotspot setup done 

 Mon, 30 Dec 2019 09:47:38  Hotspot setup is started.Removed /etc/systemd/system/multi-user.target.wants/systemd-resolved.service.
Removed /etc/systemd/system/dbus-org.freedesktop.resolve1.service.
Created symlink /etc/systemd/system/systemd-resolved.service → /dev/null.

Usage:
 kill [options] <pid> [...]

Options:
 <pid> [...]            send signal to every <pid> listed
 -<signal>, -s, --signal <signal>
                        specify the <signal> to be sent
 -l, --list=[<signal>]  list all signal names, or convert one to a name
 -L, --table            list all signal names in a nice table

 -h, --help     display this help and exit
 -V, --version  output version information and exit

For more details see kill(1).
Hotspot setup done 

 Mon, 30 Dec 2019 09:54:40  Hotspot setup is started.
 Mon, 30 Dec 2019 09:55:14  Hotspot setup is started.Unit /etc/systemd/system/systemd-resolved.service is masked, ignoring.

Usage:
 kill [options] <pid> [...]

Options:
 <pid> [...]            send signal to every <pid> listed
 -<signal>, -s, --signal <signal>
                        specify the <signal> to be sent
 -l, --list=[<signal>]  list all signal names, or convert one to a name
 -L, --table            list all signal names in a nice table

 -h, --help     display this help and exit
 -V, --version  output version information and exit

For more details see kill(1).
W: Failed to fetch http://in.archive.ubuntu.com/ubuntu/dists/bionic/InRelease  Undetermined Error [IP: 103.97.84.254 80]
W: Failed to fetch http://in.archive.ubuntu.com/ubuntu/dists/bionic-updates/InRelease  Undetermined Error [IP: 103.97.84.254 80]
W: Failed to fetch http://in.archive.ubuntu.com/ubuntu/dists/bionic-backports/InRelease  Undetermined Error [IP: 103.97.84.254 80]
W: Failed to fetch http://security.ubuntu.com/ubuntu/dists/bionic-security/InRelease  Undetermined Error [IP: 91.189.91.23 80]
W: Failed to fetch http://dl.google.com/linux/chrome/deb/dists/stable/InRelease  Undetermined Error [IP: 216.58.203.174 80]
W: Failed to fetch http://ppa.launchpad.net/nginx/stable/ubuntu/dists/bionic/InRelease  Undetermined Error [IP: 91.189.95.83 80]
W: Some index files failed to download. They have been ignored, or old ones used instead.
E: Write error - write (5: Input/output error)
E: Write error - write (5: Input/output error)
E: Write error - write (5: Input/output error)
E: Write error - write (5: Input/output error)
E: Write error - write (5: Input/output error)
E: Write error - write (5: Input/output error)
E: Write error - write (5: Input/output error)
E: Write error - write (5: Input/output error)
E: Write error - write (5: Input/output error)
E: Write error - write (5: Input/output error)
E: Write error - write (5: Input/output error)
E: Write error - write (5: Input/output error)
E: Write error - write (5: Input/output error)
E: Write error - write (5: Input/output error)
E: Write error - write (5: Input/output error)
E: Write error - write (5: Input/output error)
E: Write error - write (5: Input/output error)
E: Write error - write (5: Input/output error)
E: Write error - write (5: Input/output error)
E: Write error - write (5: Input/output error)
E: Write error - write (5: Input/output error)
E: Write error - write (5: Input/output error)
E: Write error - write (5: Input/output error)
W: Operation was interrupted before it could finish

 Mon, 30 Dec 2019 09:56:30  Hotspot setup is started.Unit /etc/systemd/system/systemd-resolved.service is masked, ignoring.

Usage:
 kill [options] <pid> [...]

Options:
 <pid> [...]            send signal to every <pid> listed
 -<signal>, -s, --signal <signal>
                        specify the <signal> to be sent
 -l, --list=[<signal>]  list all signal names, or convert one to a name
 -L, --table            list all signal names in a nice table

 -h, --help     display this help and exit
 -V, --version  output version information and exit

For more details see kill(1).
E: Unable to locate package kolibri-hotspot
Hotspot setup done 

 Mon, 30 Dec 2019 09:57:46  Hotspot setup is started.Unit /etc/systemd/system/systemd-resolved.service is masked, ignoring.

Usage:
 kill [options] <pid> [...]

Options:
 <pid> [...]            send signal to every <pid> listed
 -<signal>, -s, --signal <signal>
                        specify the <signal> to be sent
 -l, --list=[<signal>]  list all signal names, or convert one to a name
 -L, --table            list all signal names in a nice table

 -h, --help     display this help and exit
 -V, --version  output version information and exit

For more details see kill(1).
Hotspot setup done 

 Mon, 30 Dec 2019 10:01:45  Hotspot setup is started.Unit /etc/systemd/system/systemd-resolved.service is masked, ignoring.

Usage:
 kill [options] <pid> [...]

Options:
 <pid> [...]            send signal to every <pid> listed
 -<signal>, -s, --signal <signal>
                        specify the <signal> to be sent
 -l, --list=[<signal>]  list all signal names, or convert one to a name
 -L, --table            list all signal names in a nice table

 -h, --help     display this help and exit
 -V, --version  output version information and exit

For more details see kill(1).
Hotspot setup done 

 Mon, 30 Dec 2019 10:05:06  Hotspot setup is started.Hotspot setup done 

 Mon, 30 Dec 2019 10:16:49  Hotspot setup is started.Hotspot setup done 

 Mon, 30 Dec 2019 10:21:34  Hotspot setup is started.Hotspot setup done 

 Mon, 30 Dec 2019 10:28:20  Hotspot setup is started.Hotspot setup done 

 Mon, 30 Dec 2019 10:31:17  Hotspot setup is started.Hotspot setup done 

 Mon, 30 Dec 2019 11:20:16  Hotspot setup is started.Hotspot setup done 

 Mon, 30 Dec 2019 11:22:36  Hotspot setup is started.Removed /etc/systemd/system/multi-user.target.wants/systemd-resolved.service.
Removed /etc/systemd/system/dbus-org.freedesktop.resolve1.service.
Created symlink /etc/systemd/system/systemd-resolved.service → /dev/null.
W: Failed to fetch http://in.archive.ubuntu.com/ubuntu/dists/bionic/InRelease  Could not resolve 'in.archive.ubuntu.com'
W: Failed to fetch http://in.archive.ubuntu.com/ubuntu/dists/bionic-updates/InRelease  Could not resolve 'in.archive.ubuntu.com'
W: Failed to fetch http://in.archive.ubuntu.com/ubuntu/dists/bionic-backports/InRelease  Could not resolve 'in.archive.ubuntu.com'
W: Failed to fetch http://security.ubuntu.com/ubuntu/dists/bionic-security/InRelease  Could not resolve 'security.ubuntu.com'
W: Failed to fetch http://dl.google.com/linux/chrome/deb/dists/stable/InRelease  Could not resolve 'dl.google.com'
W: Failed to fetch http://ppa.launchpad.net/nginx/stable/ubuntu/dists/bionic/InRelease  Could not resolve 'ppa.launchpad.net'
W: Some index files failed to download. They have been ignored, or old ones used instead.

 Mon, 30 Dec 2019 11:23:54  Hotspot setup is started.
 Mon, 30 Dec 2019 12:49:24  Hotspot setup is started.
 Mon, 30 Dec 2019 12:51:17  Hotspot setup is started.Unit /etc/systemd/system/systemd-resolved.service is masked, ignoring.

Usage:
 kill [options] <pid> [...]

Options:
 <pid> [...]            send signal to every <pid> listed
 -<signal>, -s, --signal <signal>
                        specify the <signal> to be sent
 -l, --list=[<signal>]  list all signal names, or convert one to a name
 -L, --table            list all signal names in a nice table

 -h, --help     display this help and exit
 -V, --version  output version information and exit

For more details see kill(1).
Hotspot setup done 

 Mon, 30 Dec 2019 12:53:25  Hotspot setup is started.Hotspot setup done 

 Mon, 30 Dec 2019 13:09:01  Hotspot setup is started.
 Mon, 30 Dec 2019 13:09:40  Hotspot setup is started.Hotspot setup done 

 Mon, 30 Dec 2019 13:17:07  Hotspot setup is started.Hotspot setup done 

 Mon, 30 Dec 2019 13:19:57  Hotspot setup is started.
 Mon, 30 Dec 2019 13:21:14  Hotspot setup is started.Hotspot setup done 

 Mon, 30 Dec 2019 13:26:03  Hotspot setup is started.
 Mon, 30 Dec 2019 13:26:43  Hotspot setup is started.Hotspot setup done 

 Mon, 30 Dec 2019 13:35:49  Hotspot setup is started.Hotspot setup done 

 Mon, 30 Dec 2019 13:39:48  Hotspot setup is started.Hotspot setup done 

 Mon, 30 Dec 2019 13:46:35  Hotspot setup is started.
 Mon, 30 Dec 2019 13:46:56  Hotspot setup is started.
 Mon, 30 Dec 2019 13:47:06  Hotspot setup is started.
 Mon, 30 Dec 2019 13:47:24  Hotspot setup is started.Hotspot setup done 

 Mon, 30 Dec 2019 13:52:05  Hotspot setup is started.
 Mon, 30 Dec 2019 13:52:50  Hotspot setup is started.Removed /etc/systemd/system/multi-user.target.wants/systemd-resolved.service.
Removed /etc/systemd/system/dbus-org.freedesktop.resolve1.service.
Created symlink /etc/systemd/system/systemd-resolved.service → /dev/null.
W: Failed to fetch http://in.archive.ubuntu.com/ubuntu/dists/bionic/InRelease  Could not resolve 'in.archive.ubuntu.com'
W: Failed to fetch http://in.archive.ubuntu.com/ubuntu/dists/bionic-updates/InRelease  Could not resolve 'in.archive.ubuntu.com'
W: Failed to fetch http://in.archive.ubuntu.com/ubuntu/dists/bionic-backports/InRelease  Could not resolve 'in.archive.ubuntu.com'
W: Failed to fetch http://security.ubuntu.com/ubuntu/dists/bionic-security/InRelease  Could not resolve 'security.ubuntu.com'
W: Failed to fetch http://dl.google.com/linux/chrome/deb/dists/stable/InRelease  Could not resolve 'dl.google.com'
W: Failed to fetch http://ppa.launchpad.net/nginx/stable/ubuntu/dists/bionic/InRelease  Could not resolve 'ppa.launchpad.net'
W: Some index files failed to download. They have been ignored, or old ones used instead.
E: Write error - write (5: Input/output error)
E: Write error - write (5: Input/output error)
E: Write error - write (5: Input/output error)
W: Operation was interrupted before it could finish

 Mon, 30 Dec 2019 13:53:29  Hotspot setup is started.Unit /etc/systemd/system/systemd-resolved.service is masked, ignoring.

Usage:
 kill [options] <pid> [...]

Options:
 <pid> [...]            send signal to every <pid> listed
 -<signal>, -s, --signal <signal>
                        specify the <signal> to be sent
 -l, --list=[<signal>]  list all signal names, or convert one to a name
 -L, --table            list all signal names in a nice table

 -h, --help     display this help and exit
 -V, --version  output version information and exit

For more details see kill(1).
E: Unable to locate package kolibri-hotspot
Hotspot setup done 

 Mon, 30 Dec 2019 13:59:23  Hotspot setup is started.Unit /etc/systemd/system/systemd-resolved.service is masked, ignoring.

Usage:
 kill [options] <pid> [...]

Options:
 <pid> [...]            send signal to every <pid> listed
 -<signal>, -s, --signal <signal>
                        specify the <signal> to be sent
 -l, --list=[<signal>]  list all signal names, or convert one to a name
 -L, --table            list all signal names in a nice table

 -h, --help     display this help and exit
 -V, --version  output version information and exit

For more details see kill(1).
Hotspot setup done 

 Mon, 30 Dec 2019 14:02:46  Hotspot setup is started.
 Mon, 30 Dec 2019 14:03:03  Hotspot setup is started.Unit /etc/systemd/system/systemd-resolved.service is masked, ignoring.

Usage:
 kill [options] <pid> [...]

Options:
 <pid> [...]            send signal to every <pid> listed
 -<signal>, -s, --signal <signal>
                        specify the <signal> to be sent
 -l, --list=[<signal>]  list all signal names, or convert one to a name
 -L, --table            list all signal names in a nice table

 -h, --help     display this help and exit
 -V, --version  output version information and exit

For more details see kill(1).
Hotspot setup done 
